<?xml version="1.0" encoding="UTF-8"?>
<!-- Generated by org.testng.reporters.JUnitReportReporter -->
<testsuite skipped="0" hostname="Arielle" name="com.googlecloud.testing.commands.ListCommandTest" tests="4" failures="0" timestamp="12 Mar 2025 17:56:15 GMT" time="105.297" errors="0">
  <testcase name="testListWithPattern" time="21.718" classname="com.googlecloud.testing.commands.ListCommandTest"/>
  <testcase name="testListFilesInBucket" time="22.370" classname="com.googlecloud.testing.commands.ListCommandTest"/>
  <testcase name="testListBuckets" time="27.286" classname="com.googlecloud.testing.commands.ListCommandTest"/>
  <testcase name="testListWithLongFormat" time="33.923" classname="com.googlecloud.testing.commands.ListCommandTest"/>
</testsuite> <!-- com.googlecloud.testing.commands.ListCommandTest -->
