<?xml version="1.0" encoding="UTF-8"?>
<!-- Generated by org.testng.reporters.JUnitReportReporter -->
<testsuite skipped="4" hostname="Arielle" name="com.googlecloud.testing.commands.CreateBucketCommandTest" tests="4" failures="0" timestamp="12 Mar 2025 17:56:15 GMT" time="0.009" errors="0">
  <testcase name="testCreateBucketWithInvalidName" time="0.001" classname="com.googlecloud.testing.commands.CreateBucketCommandTest">
    <skipped/>
  </testcase> <!-- testCreateBucketWithInvalidName -->
  <testcase name="testCreateBucket" time="0.005" classname="com.googlecloud.testing.commands.CreateBucketCommandTest">
    <skipped/>
  </testcase> <!-- testCreateBucket -->
  <testcase name="testCreateExistingBucket" time="0.002" classname="com.googlecloud.testing.commands.CreateBucketCommandTest">
    <skipped/>
  </testcase> <!-- testCreateExistingBucket -->
  <testcase name="testCreateBucketWithLocation" time="0.001" classname="com.googlecloud.testing.commands.CreateBucketCommandTest">
    <skipped/>
  </testcase> <!-- testCreateBucketWithLocation -->
</testsuite> <!-- com.googlecloud.testing.commands.CreateBucketCommandTest -->
