<?xml version="1.0" encoding="UTF-8"?>
<!-- Generated by org.testng.reporters.JUnitReportReporter -->
<testsuite skipped="0" hostname="Arielle" name="com.googlecloud.testing.commands.CopyCommandTest" tests="4" failures="0" timestamp="12 Mar 2025 17:56:15 GMT" time="91.934" errors="0">
  <testcase name="testCopyCloudToCloud" time="33.999" classname="com.googlecloud.testing.commands.CopyCommandTest"/>
  <testcase name="testCopyCloudToLocal" time="21.388" classname="com.googlecloud.testing.commands.CopyCommandTest"/>
  <testcase name="testCopyLocalToCloud" time="13.515" classname="com.googlecloud.testing.commands.CopyCommandTest"/>
  <testcase name="testCopyWithRecursiveFlag" time="23.032" classname="com.googlecloud.testing.commands.CopyCommandTest"/>
</testsuite> <!-- com.googlecloud.testing.commands.CopyCommandTest -->
