<?xml version="1.0" encoding="UTF-8"?>
<!-- Generated by org.testng.reporters.JUnitReportReporter -->
<testsuite skipped="0" hostname="Arielle" name="com.googlecloud.testing.commands.SignUrlCommandTest" tests="3" failures="0" timestamp="12 Mar 2025 17:56:15 GMT" time="66.196" errors="0">
  <testcase name="testSignUrlWithDifferentDurations" time="23.262" classname="com.googlecloud.testing.commands.SignUrlCommandTest"/>
  <testcase name="testSignUrlWithInvalidParameters" time="20.169" classname="com.googlecloud.testing.commands.SignUrlCommandTest"/>
  <testcase name="testSignUrlGeneratesValidUrl" time="22.765" classname="com.googlecloud.testing.commands.SignUrlCommandTest"/>
</testsuite> <!-- com.googlecloud.testing.commands.SignUrlCommandTest -->
